NOTIFY_CONTACTALIAS=Check_MK Automation - used for calling web services
NOTIFY_CONTACTEMAIL=
NOTIFY_CONTACTNAME=automation
NOTIFY_CONTACTPAGER=
NOTIFY_CONTACTS=
NOTIFY_DATE=2023-08-14
NOTIFY_HOSTACKAUTHOR=
NOTIFY_HOSTACKCOMMENT=
NOTIFY_HOSTADDRESS=192.168.1.95
NOTIFY_HOSTALIAS=checkmk
NOTIFY_HOSTATTEMPT=1
NOTIFY_HOSTCHECKCOMMAND=check-mk-host-ping!-w 200.00,80.00% -c 500.00,100.00%
NOTIFY_HOSTDOWNTIME=0
NOTIFY_HOSTFORURL=checkmk
NOTIFY_HOSTGROUPNAMES=check_mk
NOTIFY_HOSTLABEL_cmk/check_mk_server=yes
NOTIFY_HOSTLABEL_cmk/device_type=vm
NOTIFY_HOSTLABEL_cmk/os_family=linux
NOTIFY_HOSTLABEL_cmk/site=master
NOTIFY_HOSTNAME=checkmk
NOTIFY_HOSTNOTIFICATIONNUMBER=2
NOTIFY_HOSTOUTPUT=OK - 192.168.1.95: rta 0.006ms, lost 0%
NOTIFY_HOSTPERFDATA=rta=0.006ms;200.000;500.000;0; pl=0%;80;100;; rtmax=0.020ms;;;; rtmin=0.002ms;;;;
NOTIFY_HOSTPROBLEMID=0
NOTIFY_HOSTSHORTSTATE=UP
NOTIFY_HOSTSTATE=UP
NOTIFY_HOSTSTATEID=0
NOTIFY_HOSTTAGS=/wato/linux/ auto-piggyback checkmk-agent cmk-agent ip-v4 ip-v4-only lan no-snmp prod site:master tcp
NOTIFY_HOSTURL=/check_mk/index.py?start_url=view.py?view_name%3Dhoststatus%26host%3Dcheckmk%26site%3Dmaster
NOTIFY_HOST_ADDRESS_4=192.168.1.95
NOTIFY_HOST_ADDRESS_6=
NOTIFY_HOST_ADDRESS_FAMILY=4
NOTIFY_HOST_EC_CONTACT=$_HOSTEC_CONTACT$
NOTIFY_HOST_SL=$_HOSTEC_SL$
NOTIFY_LASTHOSTSHORTSTATE=DOWN
NOTIFY_LASTHOSTSTATE=DOWN
NOTIFY_LASTHOSTSTATECHANGE=1692028755
NOTIFY_LASTHOSTSTATECHANGE_REL=0d 00:00:00
NOTIFY_LASTHOSTSTATEID=1
NOTIFY_LASTHOSTUP=1692028755
NOTIFY_LASTHOSTUP_REL=0d 00:00:00
NOTIFY_LASTSERVICEOK=$LASTSERVICEOK$
NOTIFY_LASTSERVICESTATE=$LASTSERVICESTATE$
NOTIFY_LASTSERVICESTATECHANGE=$LASTSERVICESTATECHANGE$
NOTIFY_LASTSERVICESTATEID=$LASTSERVICESTATEID$
NOTIFY_LOGDIR=/omd/sites/master/var/check_mk/notify
NOTIFY_LONGDATETIME=Mon Aug 14 16:59:15 WEST 2023
NOTIFY_LONGHOSTOUTPUT=
NOTIFY_LONGSERVICEOUTPUT=$LONGSERVICEOUTPUT$
NOTIFY_MICROTIME=1692028755493938
NOTIFY_MONITORING_HOST=checkmk
NOTIFY_NOTIFICATIONAUTHOR=
NOTIFY_NOTIFICATIONAUTHORALIAS=
NOTIFY_NOTIFICATIONAUTHORNAME=
NOTIFY_NOTIFICATIONCOMMENT=
NOTIFY_NOTIFICATIONTYPE=RECOVERY
NOTIFY_OMD_ROOT=/omd/sites/master
NOTIFY_OMD_SITE=master
NOTIFY_PARAMETERS=Mateus Ricardo Leo
NOTIFY_PARAMETER_1=Mateus
NOTIFY_PARAMETER_2=Ricardo
NOTIFY_PARAMETER_3=Leo
NOTIFY_PREVIOUSHOSTHARDSHORTSTATE=DOWN
NOTIFY_PREVIOUSHOSTHARDSTATE=DOWN
NOTIFY_SERVICEACKAUTHOR=$SERVICEACKAUTHOR$
NOTIFY_SERVICEACKCOMMENT=$SERVICEACKCOMMENT$
NOTIFY_SERVICEATTEMPT=$SERVICEATTEMPT$
NOTIFY_SERVICECHECKCOMMAND=$
NOTIFY_SERVICEDESC=$SERVICEDESC$
NOTIFY_SERVICEGROUPNAMES=$SERVICEGROUPNAMES$
NOTIFY_SERVICENOTIFICATIONNUMBER=$SERVICENOTIFICATIONNUMBER$
NOTIFY_SERVICEOUTPUT=$SERVICEOUTPUT$
NOTIFY_SERVICEPERFDATA=$SERVICEPERFDATA$
NOTIFY_SERVICEPROBLEMID=$SERVICEPROBLEMID$
NOTIFY_SERVICESTATE=$SERVICESTATE$
NOTIFY_SERVICESTATEID=$SERVICESTATEID$
NOTIFY_SERVICE_EC_CONTACT=$_SERVICEEC_CONTACT$
NOTIFY_SERVICE_SL=$_SERVICEEC_SL$
NOTIFY_SHORTDATETIME=2023-08-14 16:59:15
NOTIFY_SVC_SL=$_SERVICEEC_SL$
NOTIFY_WHAT=HOST
